<?xml version="1.0" encoding="UTF-8"?>
<!-- Generated by org.testng.reporters.JUnitReportReporter -->
<testsuite hostname="LAPTOP-4VVE9LGE" failures="0" tests="1" name="seleniumcodes.alerts" time="0.000" errors="0" timestamp="2025-02-04T23:09:56 IST" skipped="1">
  <testcase classname="seleniumcodes.alerts" name="testAlerts" time="0.000">
    <skipped/>
  </testcase> <!-- testAlerts -->
  <system-out/>
</testsuite> <!-- seleniumcodes.alerts -->
