<?xml version="1.0" encoding="UTF-8"?>
<!-- Generated by org.testng.reporters.JUnitReportReporter -->
<testsuite hostname="LAPTOP-4VVE9LGE" failures="0" tests="1" name="seleniumcodes.calendars" time="1.380" errors="0" timestamp="2025-02-05T21:56:04 IST" skipped="0">
  <testcase classname="seleniumcodes.calendars" name="testCalendarSelection" time="1.380"/>
  <system-out/>
</testsuite> <!-- seleniumcodes.calendars -->
