<?xml version="1.0" encoding="UTF-8"?>
<!-- Generated by org.testng.reporters.JUnitReportReporter -->
<testsuite hostname="LAPTOP-4VVE9LGE" failures="0" tests="1" name="seleniumcodes.alerts" time="0.841" errors="0" timestamp="2025-02-05T21:28:53 IST" skipped="0">
  <testcase classname="seleniumcodes.alerts" name="testAlerts" time="0.841"/>
  <system-out/>
</testsuite> <!-- seleniumcodes.alerts -->
