<?xml version="1.0" encoding="UTF-8"?>
<!-- Generated by org.testng.reporters.JUnitReportReporter -->
<testsuite hostname="LAPTOP-4VVE9LGE" failures="0" tests="1" name="seleniumcodes.testnging" time="0.015" errors="0" timestamp="2025-02-04T22:41:30 IST" skipped="0">
  <testcase classname="seleniumcodes.testnging" name="testAlert" time="0.015"/>
  <system-out/>
</testsuite> <!-- seleniumcodes.testnging -->
